<?xml version="1.0" encoding="UTF-8"?>
<testng-results ignored="0" total="1" passed="1" failed="0" skipped="0">
  <reporter-output>
  </reporter-output>
  <suite started-at="2022-08-29T12:46:17 IST" name="Default suite" finished-at="2022-08-29T12:46:57 IST" duration-ms="40301">
    <groups>
      <group name="cucumber">
        <method signature="AbstractTestNGCucumberTests.runScenario(io.cucumber.testng.PickleWrapper,io.cucumber.testng.FeatureWrapper)[pri:0, instance:runnerTestng.Run1@5c33f1a9]" name="runScenario" class="io.cucumber.testng.AbstractTestNGCucumberTests"/>
      </group> <!-- cucumber -->
    </groups>
    <test started-at="2022-08-29T12:46:17 IST" name="Default test" finished-at="2022-08-29T12:46:57 IST" duration-ms="40301">
      <class name="runnerTestng.Run1">
        <test-method is-config="true" signature="setUpClass(org.testng.ITestContext)[pri:0, instance:runnerTestng.Run1@5c33f1a9]" started-at="2022-08-29T12:46:17 IST" name="setUpClass" finished-at="2022-08-29T12:46:17 IST" duration-ms="595" status="PASS">
          <params>
            <param index="0">
              <value>
                <![CDATA[org.testng.TestRunner@4b74b35]]>
              </value>
            </param>
          </params>
          <reporter-output>
          </reporter-output>
        </test-method> <!-- setUpClass -->
        <test-method signature="runScenario(io.cucumber.testng.PickleWrapper,io.cucumber.testng.FeatureWrapper)[pri:0, instance:runnerTestng.Run1@5c33f1a9]" started-at="2022-08-29T12:46:17 IST" name="runScenario" description="Runs Cucumber Scenarios" data-provider="scenarios" finished-at="2022-08-29T12:46:57 IST" duration-ms="39605" status="PASS">
          <params>
            <param index="0">
              <value>
                <![CDATA["Test for valid details"]]>
              </value>
            </param>
            <param index="1">
              <value>
                <![CDATA["Test the login of ksrtc"]]>
              </value>
            </param>
          </params>
          <reporter-output>
          </reporter-output>
        </test-method> <!-- runScenario -->
        <test-method is-config="true" signature="tearDownClass()[pri:0, instance:runnerTestng.Run1@5c33f1a9]" started-at="2022-08-29T12:46:57 IST" name="tearDownClass" finished-at="2022-08-29T12:46:57 IST" duration-ms="19" status="PASS">
          <reporter-output>
          </reporter-output>
        </test-method> <!-- tearDownClass -->
      </class> <!-- runnerTestng.Run1 -->
    </test> <!-- Default test -->
  </suite> <!-- Default suite -->
</testng-results>
