<?xml version="1.0" encoding="UTF-8"?>
<!-- Generated by org.testng.reporters.JUnitXMLReporter -->
<testsuite ignored="0" hostname="LP-5CD2125Y3J" failures="0" tests="6" name="Default test" time="0.389" errors="0" timestamp="2022-08-06T07:17:45 IST">
  <testcase classname="extentreport5.ExtentReportDemo" name="f1" time="0.01"/>
  <testcase classname="extentreport5.ExtentReportDemo" name="f2" time="0.002"/>
  <testcase classname="extentreport5.ExtentReportDemo" name="f3" time="0.001"/>
  <testcase classname="extentreport5.ExtentReportDemo" name="f4" time="0.0"/>
  <testcase classname="extentreport5.ExtentReportDemo" name="f5" time="0.001"/>
  <testcase classname="extentreport5.ExtentReportDemo" name="f6" time="0.0"/>
</testsuite> <!-- Default test -->
