<?xml version="1.0" encoding="UTF-8"?>
<testng-results ignored="0" total="6" passed="6" failed="0" skipped="0">
  <reporter-output>
  </reporter-output>
  <suite started-at="2022-08-06T07:17:44 IST" name="Default suite" finished-at="2022-08-06T07:17:45 IST" duration-ms="389">
    <groups>
    </groups>
    <test started-at="2022-08-06T07:17:44 IST" name="Default test" finished-at="2022-08-06T07:17:45 IST" duration-ms="389">
      <class name="extentreport5.ExtentReportDemo">
        <test-method is-config="true" signature="beforeTest()[pri:0, instance:extentreport5.ExtentReportDemo@1018bde2]" started-at="2022-08-06T07:17:44 IST" name="beforeTest" finished-at="2022-08-06T07:17:44 IST" duration-ms="96" status="PASS">
          <reporter-output>
          </reporter-output>
        </test-method> <!-- beforeTest -->
        <test-method signature="f1()[pri:0, instance:extentreport5.ExtentReportDemo@1018bde2]" started-at="2022-08-06T07:17:44 IST" name="f1" finished-at="2022-08-06T07:17:44 IST" duration-ms="10" status="PASS">
          <reporter-output>
          </reporter-output>
        </test-method> <!-- f1 -->
        <test-method signature="f2()[pri:0, instance:extentreport5.ExtentReportDemo@1018bde2]" started-at="2022-08-06T07:17:44 IST" name="f2" finished-at="2022-08-06T07:17:44 IST" duration-ms="2" status="PASS">
          <reporter-output>
          </reporter-output>
        </test-method> <!-- f2 -->
        <test-method signature="f3()[pri:0, instance:extentreport5.ExtentReportDemo@1018bde2]" started-at="2022-08-06T07:17:44 IST" name="f3" finished-at="2022-08-06T07:17:44 IST" duration-ms="1" status="PASS">
          <reporter-output>
          </reporter-output>
        </test-method> <!-- f3 -->
        <test-method signature="f4()[pri:0, instance:extentreport5.ExtentReportDemo@1018bde2]" started-at="2022-08-06T07:17:44 IST" name="f4" finished-at="2022-08-06T07:17:44 IST" duration-ms="0" status="PASS">
          <reporter-output>
          </reporter-output>
        </test-method> <!-- f4 -->
        <test-method signature="f5()[pri:0, instance:extentreport5.ExtentReportDemo@1018bde2]" started-at="2022-08-06T07:17:44 IST" name="f5" finished-at="2022-08-06T07:17:44 IST" duration-ms="1" status="PASS">
          <reporter-output>
          </reporter-output>
        </test-method> <!-- f5 -->
        <test-method signature="f6()[pri:0, instance:extentreport5.ExtentReportDemo@1018bde2]" started-at="2022-08-06T07:17:44 IST" name="f6" finished-at="2022-08-06T07:17:44 IST" duration-ms="0" status="PASS">
          <reporter-output>
          </reporter-output>
        </test-method> <!-- f6 -->
        <test-method is-config="true" signature="AfterTest()[pri:0, instance:extentreport5.ExtentReportDemo@1018bde2]" started-at="2022-08-06T07:17:44 IST" name="AfterTest" finished-at="2022-08-06T07:17:45 IST" duration-ms="255" status="PASS">
          <reporter-output>
          </reporter-output>
        </test-method> <!-- AfterTest -->
      </class> <!-- extentreport5.ExtentReportDemo -->
    </test> <!-- Default test -->
  </suite> <!-- Default suite -->
</testng-results>
